0 info it worked if it ends with ok
1 verbose cli [ '/home/fame/.nvm/versions/node/v6.4.0/bin/node',
1 verbose cli   '/home/fame/.nvm/versions/node/v6.4.0/bin/npm',
1 verbose cli   'run',
1 verbose cli   'eslint' ]
2 info using npm@3.10.3
3 info using node@v6.4.0
4 verbose run-script [ 'preeslint', 'eslint', 'posteslint' ]
5 info lifecycle react-f-your-starterkit@0.1.0~preeslint: react-f-your-starterkit@0.1.0
6 silly lifecycle react-f-your-starterkit@0.1.0~preeslint: no script for preeslint, continuing
7 info lifecycle react-f-your-starterkit@0.1.0~eslint: react-f-your-starterkit@0.1.0
8 verbose lifecycle react-f-your-starterkit@0.1.0~eslint: unsafe-perm in lifecycle true
9 verbose lifecycle react-f-your-starterkit@0.1.0~eslint: PATH: /home/fame/.nvm/versions/node/v6.4.0/lib/node_modules/npm/bin/node-gyp-bin:/home/fame/git/udacity/starterkit/node_modules/.bin:/home/fame/.nvm/versions/node/v6.4.0/bin:/home/fame/.nvm/versions/node/v6.4.0/bin:/home/fame/.rbenv/plugins/ruby-build/bin:/home/fame/.rbenv/shims:/home/fame/.rbenv/bin:/usr/local/sbin:/usr/local/bin:/usr/sbin:/usr/bin:/sbin:/bin:/usr/games:/usr/local/games:/snap/bin
10 verbose lifecycle react-f-your-starterkit@0.1.0~eslint: CWD: /home/fame/git/udacity/starterkit
11 silly lifecycle react-f-your-starterkit@0.1.0~eslint: Args: [ '-c', 'eslint ./src/**' ]
12 silly lifecycle react-f-your-starterkit@0.1.0~eslint: Returned: code: 1  signal: null
13 info lifecycle react-f-your-starterkit@0.1.0~eslint: Failed to exec eslint script
14 verbose stack Error: react-f-your-starterkit@0.1.0 eslint: `eslint ./src/**`
14 verbose stack Exit status 1
14 verbose stack     at EventEmitter.<anonymous> (/home/fame/.nvm/versions/node/v6.4.0/lib/node_modules/npm/lib/utils/lifecycle.js:242:16)
14 verbose stack     at emitTwo (events.js:106:13)
14 verbose stack     at EventEmitter.emit (events.js:191:7)
14 verbose stack     at ChildProcess.<anonymous> (/home/fame/.nvm/versions/node/v6.4.0/lib/node_modules/npm/lib/utils/spawn.js:40:14)
14 verbose stack     at emitTwo (events.js:106:13)
14 verbose stack     at ChildProcess.emit (events.js:191:7)
14 verbose stack     at maybeClose (internal/child_process.js:852:16)
14 verbose stack     at Process.ChildProcess._handle.onexit (internal/child_process.js:215:5)
15 verbose pkgid react-f-your-starterkit@0.1.0
16 verbose cwd /home/fame/git/udacity/starterkit
17 error Linux 4.4.0-36-generic
18 error argv "/home/fame/.nvm/versions/node/v6.4.0/bin/node" "/home/fame/.nvm/versions/node/v6.4.0/bin/npm" "run" "eslint"
19 error node v6.4.0
20 error npm  v3.10.3
21 error code ELIFECYCLE
22 error react-f-your-starterkit@0.1.0 eslint: `eslint ./src/**`
22 error Exit status 1
23 error Failed at the react-f-your-starterkit@0.1.0 eslint script 'eslint ./src/**'.
23 error Make sure you have the latest version of node.js and npm installed.
23 error If you do, this is most likely a problem with the react-f-your-starterkit package,
23 error not with npm itself.
23 error Tell the author that this fails on your system:
23 error     eslint ./src/**
23 error You can get information on how to open an issue for this project with:
23 error     npm bugs react-f-your-starterkit
23 error Or if that isn't available, you can get their info via:
23 error     npm owner ls react-f-your-starterkit
23 error There is likely additional logging output above.
24 verbose exit [ 1, true ]
